2015/09/27 20:58:41 [trace] [system.db.CDbCommand] Querying SQL: SELECT a.attname, LOWER(format_type(a.atttypid, a.atttypmod)) AS type, d.adsrc, a.attnotnull, a.atthasdef,
	pg_catalog.col_description(a.attrelid, a.attnum) AS comment
FROM pg_attribute a LEFT JOIN pg_attrdef d ON a.attrelid = d.adrelid AND a.attnum = d.adnum
WHERE a.attnum > 0 AND NOT a.attisdropped
	AND a.attrelid = (SELECT oid FROM pg_catalog.pg_class WHERE relname=:table
		AND relnamespace = (SELECT oid FROM pg_catalog.pg_namespace WHERE nspname = :schema))
ORDER BY a.attnum. Bound with :table='tramite', :schema='public'
in /var/www/gruposuarez/protected/controllers/TramitePasosController.php (624)
in /var/www/gruposuarez/index.php (21)
2015/09/27 20:58:41 [trace] [system.db.CDbCommand] Querying SQL: SELECT conname, consrc, contype, indkey FROM (
	SELECT
		conname,
		CASE WHEN contype='f' THEN
			pg_catalog.pg_get_constraintdef(oid)
		ELSE
			'CHECK (' || consrc || ')'
		END AS consrc,
		contype,
		conrelid AS relid,
		NULL AS indkey
	FROM
		pg_catalog.pg_constraint
	WHERE
		contype IN ('f', 'c')
	UNION ALL
	SELECT
		pc.relname,
		NULL,
		CASE WHEN indisprimary THEN
				'p'
		ELSE
				'u'
		END,
		pi.indrelid,
		indkey
	FROM
		pg_catalog.pg_class pc,
		pg_catalog.pg_index pi
	WHERE
		pc.oid=pi.indexrelid
		AND EXISTS (
			SELECT 1 FROM pg_catalog.pg_depend d JOIN pg_catalog.pg_constraint c
			ON (d.refclassid = c.tableoid AND d.refobjid = c.oid)
			WHERE d.classid = pc.tableoid AND d.objid = pc.oid AND d.deptype = 'i' AND c.contype IN ('u', 'p')
	)
) AS sub
WHERE relid = (SELECT oid FROM pg_catalog.pg_class WHERE relname=:table
	AND relnamespace = (SELECT oid FROM pg_catalog.pg_namespace
	WHERE nspname=:schema)). Bound with :table='tramite', :schema='public'
in /var/www/gruposuarez/protected/controllers/TramitePasosController.php (624)
in /var/www/gruposuarez/index.php (21)
2015/09/27 20:58:41 [trace] [system.db.CDbCommand] Querying SQL: SELECT attnum, attname FROM pg_catalog.pg_attribute WHERE
	attrelid=(
		SELECT oid FROM pg_catalog.pg_class WHERE relname=:table AND relnamespace=(
			SELECT oid FROM pg_catalog.pg_namespace WHERE nspname=:schema
		)
	)
	AND attnum IN (1). Bound with :table='tramite', :schema='public'
in /var/www/gruposuarez/protected/controllers/TramitePasosController.php (624)
in /var/www/gruposuarez/index.php (21)
2015/09/27 20:58:41 [trace] [system.db.CDbCommand] Querying SQL: SELECT a.attname, LOWER(format_type(a.atttypid, a.atttypmod)) AS type, d.adsrc, a.attnotnull, a.atthasdef,
	pg_catalog.col_description(a.attrelid, a.attnum) AS comment
FROM pg_attribute a LEFT JOIN pg_attrdef d ON a.attrelid = d.adrelid AND a.attnum = d.adnum
WHERE a.attnum > 0 AND NOT a.attisdropped
	AND a.attrelid = (SELECT oid FROM pg_catalog.pg_class WHERE relname=:table
		AND relnamespace = (SELECT oid FROM pg_catalog.pg_namespace WHERE nspname = :schema))
ORDER BY a.attnum. Bound with :table='tramite_actividad', :schema='public'
in /var/www/gruposuarez/protected/models/TramiteActividad.php (108)
in /var/www/gruposuarez/protected/controllers/TramitePasosController.php (626)
in /var/www/gruposuarez/index.php (21)
2015/09/27 20:58:41 [trace] [system.db.CDbCommand] Querying SQL: SELECT conname, consrc, contype, indkey FROM (
	SELECT
		conname,
		CASE WHEN contype='f' THEN
			pg_catalog.pg_get_constraintdef(oid)
		ELSE
			'CHECK (' || consrc || ')'
		END AS consrc,
		contype,
		conrelid AS relid,
		NULL AS indkey
	FROM
		pg_catalog.pg_constraint
	WHERE
		contype IN ('f', 'c')
	UNION ALL
	SELECT
		pc.relname,
		NULL,
		CASE WHEN indisprimary THEN
				'p'
		ELSE
				'u'
		END,
		pi.indrelid,
		indkey
	FROM
		pg_catalog.pg_class pc,
		pg_catalog.pg_index pi
	WHERE
		pc.oid=pi.indexrelid
		AND EXISTS (
			SELECT 1 FROM pg_catalog.pg_depend d JOIN pg_catalog.pg_constraint c
			ON (d.refclassid = c.tableoid AND d.refobjid = c.oid)
			WHERE d.classid = pc.tableoid AND d.objid = pc.oid AND d.deptype = 'i' AND c.contype IN ('u', 'p')
	)
) AS sub
WHERE relid = (SELECT oid FROM pg_catalog.pg_class WHERE relname=:table
	AND relnamespace = (SELECT oid FROM pg_catalog.pg_namespace
	WHERE nspname=:schema)). Bound with :table='tramite_actividad', :schema='public'
in /var/www/gruposuarez/protected/models/TramiteActividad.php (108)
in /var/www/gruposuarez/protected/controllers/TramitePasosController.php (626)
in /var/www/gruposuarez/index.php (21)
2015/09/27 20:58:41 [trace] [system.db.CDbCommand] Querying SQL: SELECT attnum, attname FROM pg_catalog.pg_attribute WHERE
	attrelid=(
		SELECT oid FROM pg_catalog.pg_class WHERE relname=:table AND relnamespace=(
			SELECT oid FROM pg_catalog.pg_namespace WHERE nspname=:schema
		)
	)
	AND attnum IN (1). Bound with :table='tramite_actividad', :schema='public'
in /var/www/gruposuarez/protected/models/TramiteActividad.php (108)
in /var/www/gruposuarez/protected/controllers/TramitePasosController.php (626)
in /var/www/gruposuarez/index.php (21)
2015/09/27 20:58:41 [trace] [system.db.CDbCommand] Querying SQL: SELECT "tp"."id_tramite", "tp"."id_paso", "c"."nombre_de_empresa", "tp"."fecha_inicio", "tp"."fecha_paso", "t"."plano", "t"."fecha_entrega", "t"."ganancia_capital", "t"."permiso_ocupacion", "t"."inicio", "t"."fecha_escritura", "t"."fecha_inscripcion_escritura", "t"."num_escritura", "t"."num_finca_inscrita", "t"."transferencia_inmueble", "t"."num_permiso_ocupacion"
FROM "tramite_pasos" "tp"
JOIN "tramite" "t" ON tp.id_tramite = t.id_tramite AND tp.id_tramite=63
JOIN "cliente" "c" ON c.id_cliente_gs = t.id_cliente_gs GROUP BY 
            tp.id_paso, tp.id_tramite, c.nombre_de_empresa, tp.fecha_inicio, tp.fecha_paso, 
            t.plano, t.fecha_entrega, t.ganancia_capital, t.permiso_ocupacion,
            t.inicio, t.fecha_escritura, t.fecha_inscripcion_escritura, t.num_escritura, 
            t.num_finca_inscrita, t.transferencia_inmueble, t.num_permiso_ocupacion 
            order by tp.id_paso
in /var/www/gruposuarez/protected/controllers/TramitePasosController.php (640)
in /var/www/gruposuarez/index.php (21)
2015/09/27 20:58:41 [trace] [system.db.CDbCommand] Querying SQL: SELECT COUNT(*) FROM "tramite_actividad" "t" WHERE id_tramite=:ycp0. Bound with :ycp0='62'
in /var/www/gruposuarez/protected/extensions/bootstrap/widgets/TbGridView.php (68)
in /var/www/gruposuarez/protected/views/tramitePasos/vertramitesliquidados.php (74)
in /var/www/gruposuarez/protected/controllers/TramitePasosController.php (648)
2015/09/27 20:58:41 [trace] [system.db.CDbCommand] Querying SQL: SELECT * FROM "tramite_actividad" "t" WHERE id_tramite=:ycp0 ORDER BY id_tramite_actividad desc LIMIT 10. Bound with :ycp0='62'
in /var/www/gruposuarez/protected/extensions/bootstrap/widgets/TbGridView.php (68)
in /var/www/gruposuarez/protected/views/tramitePasos/vertramitesliquidados.php (74)
in /var/www/gruposuarez/protected/controllers/TramitePasosController.php (648)
2015/09/27 20:58:41 [trace] [system.db.CDbCommand] Querying SQL: SELECT a.attname, LOWER(format_type(a.atttypid, a.atttypmod)) AS type, d.adsrc, a.attnotnull, a.atthasdef,
	pg_catalog.col_description(a.attrelid, a.attnum) AS comment
FROM pg_attribute a LEFT JOIN pg_attrdef d ON a.attrelid = d.adrelid AND a.attnum = d.adnum
WHERE a.attnum > 0 AND NOT a.attisdropped
	AND a.attrelid = (SELECT oid FROM pg_catalog.pg_class WHERE relname=:table
		AND relnamespace = (SELECT oid FROM pg_catalog.pg_namespace WHERE nspname = :schema))
ORDER BY a.attnum. Bound with :table='paso', :schema='public'
in /var/www/gruposuarez/protected/views/tramitePasos/vertramitesliquidados.php (74)
in /var/www/gruposuarez/protected/controllers/TramitePasosController.php (648)
in /var/www/gruposuarez/index.php (21)
2015/09/27 20:58:41 [trace] [system.db.CDbCommand] Querying SQL: SELECT conname, consrc, contype, indkey FROM (
	SELECT
		conname,
		CASE WHEN contype='f' THEN
			pg_catalog.pg_get_constraintdef(oid)
		ELSE
			'CHECK (' || consrc || ')'
		END AS consrc,
		contype,
		conrelid AS relid,
		NULL AS indkey
	FROM
		pg_catalog.pg_constraint
	WHERE
		contype IN ('f', 'c')
	UNION ALL
	SELECT
		pc.relname,
		NULL,
		CASE WHEN indisprimary THEN
				'p'
		ELSE
				'u'
		END,
		pi.indrelid,
		indkey
	FROM
		pg_catalog.pg_class pc,
		pg_catalog.pg_index pi
	WHERE
		pc.oid=pi.indexrelid
		AND EXISTS (
			SELECT 1 FROM pg_catalog.pg_depend d JOIN pg_catalog.pg_constraint c
			ON (d.refclassid = c.tableoid AND d.refobjid = c.oid)
			WHERE d.classid = pc.tableoid AND d.objid = pc.oid AND d.deptype = 'i' AND c.contype IN ('u', 'p')
	)
) AS sub
WHERE relid = (SELECT oid FROM pg_catalog.pg_class WHERE relname=:table
	AND relnamespace = (SELECT oid FROM pg_catalog.pg_namespace
	WHERE nspname=:schema)). Bound with :table='paso', :schema='public'
in /var/www/gruposuarez/protected/views/tramitePasos/vertramitesliquidados.php (74)
in /var/www/gruposuarez/protected/controllers/TramitePasosController.php (648)
in /var/www/gruposuarez/index.php (21)
2015/09/27 20:58:41 [trace] [system.db.CDbCommand] Querying SQL: SELECT attnum, attname FROM pg_catalog.pg_attribute WHERE
	attrelid=(
		SELECT oid FROM pg_catalog.pg_class WHERE relname=:table AND relnamespace=(
			SELECT oid FROM pg_catalog.pg_namespace WHERE nspname=:schema
		)
	)
	AND attnum IN (1). Bound with :table='paso', :schema='public'
in /var/www/gruposuarez/protected/views/tramitePasos/vertramitesliquidados.php (74)
in /var/www/gruposuarez/protected/controllers/TramitePasosController.php (648)
in /var/www/gruposuarez/index.php (21)
2015/09/27 20:58:41 [trace] [system.db.CDbCommand] Querying SQL: SELECT "idPaso"."id_paso" AS "t1_c0", "idPaso"."descripcion" AS "t1_c1", "idPaso"."abrev" AS "t1_c2" FROM "paso" "idPaso"  WHERE ("idPaso"."id_paso"=:ypl0). Bound with :ypl0=10
in /var/www/gruposuarez/protected/views/tramitePasos/vertramitesliquidados.php (74)
in /var/www/gruposuarez/protected/controllers/TramitePasosController.php (648)
in /var/www/gruposuarez/index.php (21)
2015/09/27 20:58:41 [trace] [system.db.CDbCommand] Querying SQL: SELECT a.attname, LOWER(format_type(a.atttypid, a.atttypmod)) AS type, d.adsrc, a.attnotnull, a.atthasdef,
	pg_catalog.col_description(a.attrelid, a.attnum) AS comment
FROM pg_attribute a LEFT JOIN pg_attrdef d ON a.attrelid = d.adrelid AND a.attnum = d.adnum
WHERE a.attnum > 0 AND NOT a.attisdropped
	AND a.attrelid = (SELECT oid FROM pg_catalog.pg_class WHERE relname=:table
		AND relnamespace = (SELECT oid FROM pg_catalog.pg_namespace WHERE nspname = :schema))
ORDER BY a.attnum. Bound with :table='estado', :schema='public'
in /var/www/gruposuarez/protected/views/tramitePasos/vertramitesliquidados.php (74)
in /var/www/gruposuarez/protected/controllers/TramitePasosController.php (648)
in /var/www/gruposuarez/index.php (21)
2015/09/27 20:58:41 [trace] [system.db.CDbCommand] Querying SQL: SELECT conname, consrc, contype, indkey FROM (
	SELECT
		conname,
		CASE WHEN contype='f' THEN
			pg_catalog.pg_get_constraintdef(oid)
		ELSE
			'CHECK (' || consrc || ')'
		END AS consrc,
		contype,
		conrelid AS relid,
		NULL AS indkey
	FROM
		pg_catalog.pg_constraint
	WHERE
		contype IN ('f', 'c')
	UNION ALL
	SELECT
		pc.relname,
		NULL,
		CASE WHEN indisprimary THEN
				'p'
		ELSE
				'u'
		END,
		pi.indrelid,
		indkey
	FROM
		pg_catalog.pg_class pc,
		pg_catalog.pg_index pi
	WHERE
		pc.oid=pi.indexrelid
		AND EXISTS (
			SELECT 1 FROM pg_catalog.pg_depend d JOIN pg_catalog.pg_constraint c
			ON (d.refclassid = c.tableoid AND d.refobjid = c.oid)
			WHERE d.classid = pc.tableoid AND d.objid = pc.oid AND d.deptype = 'i' AND c.contype IN ('u', 'p')
	)
) AS sub
WHERE relid = (SELECT oid FROM pg_catalog.pg_class WHERE relname=:table
	AND relnamespace = (SELECT oid FROM pg_catalog.pg_namespace
	WHERE nspname=:schema)). Bound with :table='estado', :schema='public'
in /var/www/gruposuarez/protected/views/tramitePasos/vertramitesliquidados.php (74)
in /var/www/gruposuarez/protected/controllers/TramitePasosController.php (648)
in /var/www/gruposuarez/index.php (21)
2015/09/27 20:58:41 [trace] [system.db.CDbCommand] Querying SQL: SELECT attnum, attname FROM pg_catalog.pg_attribute WHERE
	attrelid=(
		SELECT oid FROM pg_catalog.pg_class WHERE relname=:table AND relnamespace=(
			SELECT oid FROM pg_catalog.pg_namespace WHERE nspname=:schema
		)
	)
	AND attnum IN (1). Bound with :table='estado', :schema='public'
in /var/www/gruposuarez/protected/views/tramitePasos/vertramitesliquidados.php (74)
in /var/www/gruposuarez/protected/controllers/TramitePasosController.php (648)
in /var/www/gruposuarez/index.php (21)
2015/09/27 20:58:41 [trace] [system.db.CDbCommand] Querying SQL: SELECT "idEstado"."id_estado" AS "t1_c0", "idEstado"."descripcion" AS "t1_c1" FROM "estado" "idEstado"  WHERE ("idEstado"."id_estado"=:ypl0). Bound with :ypl0=1
in /var/www/gruposuarez/protected/views/tramitePasos/vertramitesliquidados.php (74)
in /var/www/gruposuarez/protected/controllers/TramitePasosController.php (648)
in /var/www/gruposuarez/index.php (21)
2015/09/27 20:58:41 [trace] [system.db.CDbCommand] Querying SQL: SELECT "idPaso"."id_paso" AS "t1_c0", "idPaso"."descripcion" AS "t1_c1", "idPaso"."abrev" AS "t1_c2" FROM "paso" "idPaso"  WHERE ("idPaso"."id_paso"=:ypl0). Bound with :ypl0=9
in /var/www/gruposuarez/protected/views/tramitePasos/vertramitesliquidados.php (74)
in /var/www/gruposuarez/protected/controllers/TramitePasosController.php (648)
in /var/www/gruposuarez/index.php (21)
2015/09/27 20:58:41 [trace] [system.db.CDbCommand] Querying SQL: SELECT "idEstado"."id_estado" AS "t1_c0", "idEstado"."descripcion" AS "t1_c1" FROM "estado" "idEstado"  WHERE ("idEstado"."id_estado"=:ypl0). Bound with :ypl0=1
in /var/www/gruposuarez/protected/views/tramitePasos/vertramitesliquidados.php (74)
in /var/www/gruposuarez/protected/controllers/TramitePasosController.php (648)
in /var/www/gruposuarez/index.php (21)
2015/09/27 20:58:41 [trace] [system.db.CDbCommand] Querying SQL: SELECT "idPaso"."id_paso" AS "t1_c0", "idPaso"."descripcion" AS "t1_c1", "idPaso"."abrev" AS "t1_c2" FROM "paso" "idPaso"  WHERE ("idPaso"."id_paso"=:ypl0). Bound with :ypl0=8
in /var/www/gruposuarez/protected/views/tramitePasos/vertramitesliquidados.php (74)
in /var/www/gruposuarez/protected/controllers/TramitePasosController.php (648)
in /var/www/gruposuarez/index.php (21)
2015/09/27 20:58:41 [trace] [system.db.CDbCommand] Querying SQL: SELECT "idEstado"."id_estado" AS "t1_c0", "idEstado"."descripcion" AS "t1_c1" FROM "estado" "idEstado"  WHERE ("idEstado"."id_estado"=:ypl0). Bound with :ypl0=1
in /var/www/gruposuarez/protected/views/tramitePasos/vertramitesliquidados.php (74)
in /var/www/gruposuarez/protected/controllers/TramitePasosController.php (648)
in /var/www/gruposuarez/index.php (21)
2015/09/27 20:58:41 [trace] [system.db.CDbCommand] Querying SQL: SELECT "idPaso"."id_paso" AS "t1_c0", "idPaso"."descripcion" AS "t1_c1", "idPaso"."abrev" AS "t1_c2" FROM "paso" "idPaso"  WHERE ("idPaso"."id_paso"=:ypl0). Bound with :ypl0=7
in /var/www/gruposuarez/protected/views/tramitePasos/vertramitesliquidados.php (74)
in /var/www/gruposuarez/protected/controllers/TramitePasosController.php (648)
in /var/www/gruposuarez/index.php (21)
2015/09/27 20:58:41 [trace] [system.db.CDbCommand] Querying SQL: SELECT "idEstado"."id_estado" AS "t1_c0", "idEstado"."descripcion" AS "t1_c1" FROM "estado" "idEstado"  WHERE ("idEstado"."id_estado"=:ypl0). Bound with :ypl0=1
in /var/www/gruposuarez/protected/views/tramitePasos/vertramitesliquidados.php (74)
in /var/www/gruposuarez/protected/controllers/TramitePasosController.php (648)
in /var/www/gruposuarez/index.php (21)
2015/09/27 20:58:41 [trace] [system.db.CDbCommand] Querying SQL: SELECT "idPaso"."id_paso" AS "t1_c0", "idPaso"."descripcion" AS "t1_c1", "idPaso"."abrev" AS "t1_c2" FROM "paso" "idPaso"  WHERE ("idPaso"."id_paso"=:ypl0). Bound with :ypl0=6
in /var/www/gruposuarez/protected/views/tramitePasos/vertramitesliquidados.php (74)
in /var/www/gruposuarez/protected/controllers/TramitePasosController.php (648)
in /var/www/gruposuarez/index.php (21)
2015/09/27 20:58:41 [trace] [system.db.CDbCommand] Querying SQL: SELECT "idEstado"."id_estado" AS "t1_c0", "idEstado"."descripcion" AS "t1_c1" FROM "estado" "idEstado"  WHERE ("idEstado"."id_estado"=:ypl0). Bound with :ypl0=1
in /var/www/gruposuarez/protected/views/tramitePasos/vertramitesliquidados.php (74)
in /var/www/gruposuarez/protected/controllers/TramitePasosController.php (648)
in /var/www/gruposuarez/index.php (21)
2015/09/27 20:58:41 [trace] [system.db.CDbCommand] Querying SQL: SELECT "idPaso"."id_paso" AS "t1_c0", "idPaso"."descripcion" AS "t1_c1", "idPaso"."abrev" AS "t1_c2" FROM "paso" "idPaso"  WHERE ("idPaso"."id_paso"=:ypl0). Bound with :ypl0=5
in /var/www/gruposuarez/protected/views/tramitePasos/vertramitesliquidados.php (74)
in /var/www/gruposuarez/protected/controllers/TramitePasosController.php (648)
in /var/www/gruposuarez/index.php (21)
2015/09/27 20:58:41 [trace] [system.db.CDbCommand] Querying SQL: SELECT "idEstado"."id_estado" AS "t1_c0", "idEstado"."descripcion" AS "t1_c1" FROM "estado" "idEstado"  WHERE ("idEstado"."id_estado"=:ypl0). Bound with :ypl0=1
in /var/www/gruposuarez/protected/views/tramitePasos/vertramitesliquidados.php (74)
in /var/www/gruposuarez/protected/controllers/TramitePasosController.php (648)
in /var/www/gruposuarez/index.php (21)
2015/09/27 20:58:41 [trace] [system.db.CDbCommand] Querying SQL: SELECT "idPaso"."id_paso" AS "t1_c0", "idPaso"."descripcion" AS "t1_c1", "idPaso"."abrev" AS "t1_c2" FROM "paso" "idPaso"  WHERE ("idPaso"."id_paso"=:ypl0). Bound with :ypl0=4
in /var/www/gruposuarez/protected/views/tramitePasos/vertramitesliquidados.php (74)
in /var/www/gruposuarez/protected/controllers/TramitePasosController.php (648)
in /var/www/gruposuarez/index.php (21)
2015/09/27 20:58:41 [trace] [system.db.CDbCommand] Querying SQL: SELECT "idEstado"."id_estado" AS "t1_c0", "idEstado"."descripcion" AS "t1_c1" FROM "estado" "idEstado"  WHERE ("idEstado"."id_estado"=:ypl0). Bound with :ypl0=1
in /var/www/gruposuarez/protected/views/tramitePasos/vertramitesliquidados.php (74)
in /var/www/gruposuarez/protected/controllers/TramitePasosController.php (648)
in /var/www/gruposuarez/index.php (21)
2015/09/27 20:58:41 [trace] [system.db.CDbCommand] Querying SQL: SELECT "idPaso"."id_paso" AS "t1_c0", "idPaso"."descripcion" AS "t1_c1", "idPaso"."abrev" AS "t1_c2" FROM "paso" "idPaso"  WHERE ("idPaso"."id_paso"=:ypl0). Bound with :ypl0=3
in /var/www/gruposuarez/protected/views/tramitePasos/vertramitesliquidados.php (74)
in /var/www/gruposuarez/protected/controllers/TramitePasosController.php (648)
in /var/www/gruposuarez/index.php (21)
2015/09/27 20:58:41 [trace] [system.db.CDbCommand] Querying SQL: SELECT "idEstado"."id_estado" AS "t1_c0", "idEstado"."descripcion" AS "t1_c1" FROM "estado" "idEstado"  WHERE ("idEstado"."id_estado"=:ypl0). Bound with :ypl0=1
in /var/www/gruposuarez/protected/views/tramitePasos/vertramitesliquidados.php (74)
in /var/www/gruposuarez/protected/controllers/TramitePasosController.php (648)
in /var/www/gruposuarez/index.php (21)
2015/09/27 20:58:41 [trace] [system.db.CDbCommand] Querying SQL: SELECT "idPaso"."id_paso" AS "t1_c0", "idPaso"."descripcion" AS "t1_c1", "idPaso"."abrev" AS "t1_c2" FROM "paso" "idPaso"  WHERE ("idPaso"."id_paso"=:ypl0). Bound with :ypl0=2
in /var/www/gruposuarez/protected/views/tramitePasos/vertramitesliquidados.php (74)
in /var/www/gruposuarez/protected/controllers/TramitePasosController.php (648)
in /var/www/gruposuarez/index.php (21)
2015/09/27 20:58:41 [trace] [system.db.CDbCommand] Querying SQL: SELECT "idEstado"."id_estado" AS "t1_c0", "idEstado"."descripcion" AS "t1_c1" FROM "estado" "idEstado"  WHERE ("idEstado"."id_estado"=:ypl0). Bound with :ypl0=1
in /var/www/gruposuarez/protected/views/tramitePasos/vertramitesliquidados.php (74)
in /var/www/gruposuarez/protected/controllers/TramitePasosController.php (648)
in /var/www/gruposuarez/index.php (21)
2015/09/27 20:58:41 [trace] [system.db.CDbCommand] Querying SQL: SELECT "idPaso"."id_paso" AS "t1_c0", "idPaso"."descripcion" AS "t1_c1", "idPaso"."abrev" AS "t1_c2" FROM "paso" "idPaso"  WHERE ("idPaso"."id_paso"=:ypl0). Bound with :ypl0=1
in /var/www/gruposuarez/protected/views/tramitePasos/vertramitesliquidados.php (74)
in /var/www/gruposuarez/protected/controllers/TramitePasosController.php (648)
in /var/www/gruposuarez/index.php (21)
2015/09/27 20:58:41 [trace] [system.db.CDbCommand] Querying SQL: SELECT "idEstado"."id_estado" AS "t1_c0", "idEstado"."descripcion" AS "t1_c1" FROM "estado" "idEstado"  WHERE ("idEstado"."id_estado"=:ypl0). Bound with :ypl0=1
in /var/www/gruposuarez/protected/views/tramitePasos/vertramitesliquidados.php (74)
in /var/www/gruposuarez/protected/controllers/TramitePasosController.php (648)
in /var/www/gruposuarez/index.php (21)
